import time: self [us] | cumulative | imported package
import time:       810 |        810 |   _io
import time:        23 |         23 |   marshal
import time:      1096 |       1096 |   posix
import time:       613 |       2539 | _frozen_importlib_external
import time:       920 |        920 |   time
import time:       135 |       1054 | zipimport
import time:       285 |        285 |     _codecs
import time:       846 |       1131 |   codecs
import time:       608 |        608 |   encodings.aliases
import time:      1991 |       3728 | encodings
import time:       495 |        495 | encodings.utf_8
import time:        98 |         98 | _signal
import time:        40 |         40 |     _abc
import time:       393 |        433 |   abc
import time:       218 |        651 | io
import time:       394 |        394 |       _stat
import time:        85 |        478 |     stat
import time:      1199 |       1199 |     _collections_abc
import time:        23 |         23 |       genericpath
import time:      1132 |       1154 |     posixpath
import time:       415 |       3245 |   os
import time:        79 |         79 |   _sitebuiltins
import time:      4055 |       4055 |   _distutils_hack
import time:       768 |        768 |   types
import time:       456 |        456 |       warnings
import time:       538 |        993 |     importlib
import time:       506 |        506 |     importlib._abc
import time:      1105 |       1105 |         itertools
import time:       231 |        231 |         keyword
import time:        55 |         55 |           _operator
import time:       497 |        551 |         operator
import time:       258 |        258 |         reprlib
import time:        71 |         71 |         _collections
import time:       730 |       2944 |       collections
import time:        29 |         29 |         _functools
import time:       540 |        568 |       functools
import time:       971 |       4483 |     contextlib
import time:       102 |       6083 |   importlib.util
import time:        27 |         27 |   importlib.machinery
import time:       102 |        102 |   sitecustomize
import time:        33 |         33 |   usercustomize
import time:     10807 |      25195 | site
import time:     24731 |      24731 |   spice
import time:     44067 |      68798 | spice.models
import time:       382 |        382 |       __future__
import time:      1541 |       1541 |         math
import time:      1986 |       1986 |         _datetime
import time:      1315 |       4842 |       datetime
import time:      1228 |       1228 |             enum
import time:        64 |         64 |               _sre
import time:       592 |        592 |                 re._constants
import time:       574 |       1166 |               re._parser
import time:       206 |        206 |               re._casefix
import time:       587 |       2021 |             re._compiler
import time:       314 |        314 |             copyreg
import time:       712 |       4274 |           re
import time:       319 |       4592 |         fnmatch
import time:        71 |         71 |           _winapi
import time:        53 |         53 |           nt
import time:        47 |         47 |           nt
import time:        44 |         44 |           nt
import time:        61 |         61 |           nt
import time:        51 |         51 |           nt
import time:        69 |        392 |         ntpath
import time:        29 |         29 |         errno
import time:       267 |        267 |           urllib
import time:      1260 |       1260 |           ipaddress
import time:       922 |       2449 |         urllib.parse
import time:       736 |       8196 |       pathlib
import time:        43 |         43 |           _locale
import time:       686 |        728 |         locale
import time:       496 |        496 |         signal
import time:       280 |        280 |           _weakrefset
import time:       611 |        891 |         threading
import time:      1284 |       1284 |         fcntl
import time:        61 |         61 |         msvcrt
import time:      1307 |       1307 |         _posixsubprocess
import time:      1007 |       1007 |         select
import time:       261 |        261 |           collections.abc
import time:       460 |        720 |         selectors
import time:       768 |       7259 |       subprocess
import time:     49311 |      69988 |     jax.version
import time:     25039 |      25039 |       jax._src
import time:       240 |        240 |                 token
import time:       799 |       1039 |               tokenize
import time:       247 |       1285 |             linecache
import time:       713 |        713 |             textwrap
import time:       584 |       2581 |           traceback
import time:       411 |        411 |           weakref
import time:        21 |         21 |             _string
import time:       516 |        537 |           string
import time:        19 |         19 |           atexit
import time:      1315 |       4861 |         logging
import time:      1124 |       1124 |           _typing
import time:      1794 |       2917 |         typing
import time:        86 |         86 |                   org
import time:        25 |        111 |                 org.python
import time:        16 |        126 |               org.python.core
import time:       972 |       1098 |             copy
import time:       781 |        781 |                 _ast
import time:      1436 |       2216 |               ast
import time:      2828 |       2828 |                   _opcode
import time:       806 |       3633 |                 opcode
import time:      1405 |       5038 |               dis
import time:      2484 |       9737 |             inspect
import time:      2710 |      13544 |           dataclasses
import time:     26693 |      40236 |         jax._src.deprecations
import time:        56 |         56 |           gc
import time:     27445 |      27445 |             jaxlib.version
import time:     28978 |      56423 |           jaxlib
import time:    207095 |     207095 |           jaxlib.cpu_feature_guard
import time:      7490 |       7490 |                     numpy.version
import time:     10661 |      10661 |                     numpy._expired_attrs_2_0
import time:      5493 |       5493 |                         numpy._utils._convertions
import time:      5182 |      10674 |                       numpy._utils
import time:      5172 |      15845 |                     numpy._globals
import time:        25 |         25 |                       numpy._distributor_init_local
import time:      6201 |       6226 |                     numpy._distributor_init
import time:      5732 |       5732 |                               numpy.exceptions
import time:      6711 |       6711 |                               numpy._core._exceptions
import time:     14887 |      14887 |                                   _contextvars
import time:      6636 |      21523 |                                 contextvars
import time:      4357 |      25879 |                               numpy._core.printoptions
import time:      6437 |       6437 |                               numpy.dtypes
import time:     35439 |      80196 |                             numpy._core._multiarray_umath
import time:     11880 |      11880 |                               numpy._utils._inspect
import time:      7280 |      19160 |                             numpy._core.overrides
import time:      6094 |     105449 |                           numpy._core.multiarray
import time:      7026 |       7026 |                           numpy._core.umath
import time:       934 |        934 |                             numbers
import time:      5854 |       5854 |                             numpy._core._dtype
import time:      4078 |       4078 |                             numpy._core._string_helpers
import time:      3814 |       3814 |                             numpy._core._type_aliases
import time:      4386 |      19064 |                           numpy._core.numerictypes
import time:      2005 |       2005 |                                         _struct
import time:       431 |       2435 |                                       struct
import time:       958 |        958 |                                       _compat_pickle
import time:      3059 |       3059 |                                       _pickle
import time:       116 |        116 |                                           org
import time:        17 |        133 |                                         org.python
import time:        16 |        148 |                                       org.python.core
import time:      1793 |       8391 |                                     pickle
import time:      4324 |      12715 |                                   numpy._core._methods
import time:      5524 |      18239 |                                 numpy._core.fromnumeric
import time:      6442 |      24680 |                               numpy._core.shape_base
import time:      6785 |       6785 |                               numpy._core._ufunc_config
import time:      4236 |       4236 |                               numpy._core._asarray
import time:      5576 |       5576 |                               numpy._core.arrayprint
import time:      4745 |      46020 |                             numpy._core.numeric
import time:      5252 |      51271 |                           numpy._core.einsumfunc
import time:      4243 |       4243 |                           numpy._core.function_base
import time:      6445 |       6445 |                           numpy._core.getlimits
import time:      3670 |       3670 |                           numpy._core.memmap
import time:      4203 |       4203 |                           numpy._core.records
import time:     10090 |      10090 |                           numpy._core._add_newdocs
import time:      4593 |       4593 |                           numpy._core._add_newdocs_scalars
import time:      7295 |       7295 |                           numpy._core._dtype_ctypes
import time:      4402 |       4402 |                               _ctypes
import time:      1201 |       1201 |                               ctypes._endian
import time:      1767 |       7369 |                             ctypes
import time:      4635 |      12003 |                           numpy._core._internal
import time:      7647 |       7647 |                           numpy._pytesttester
import time:      5665 |     248660 |                         numpy._core
import time:        16 |     248676 |                       numpy._core._multiarray_umath
import time:      4676 |     253352 |                     numpy.__config__
import time:      4479 |       4479 |                                       numpy._typing._nbit_base
import time:      5105 |       5105 |                                       numpy._typing._nested_sequence
import time:      4720 |       4720 |                                       numpy._typing._shape
import time:      9546 |      23848 |                                     numpy._typing._array_like
import time:      5830 |       5830 |                                     numpy._typing._char_codes
import time:      6253 |       6253 |                                     numpy._typing._dtype_like
import time:      4669 |       4669 |                                     numpy._typing._nbit
import time:      4744 |       4744 |                                     numpy._typing._scalars
import time:      3629 |       3629 |                                     numpy._typing._ufunc
import time:      7092 |      56062 |                                   numpy._typing
import time:      5707 |       5707 |                                     numpy.lib._stride_tricks_impl
import time:      5566 |      11273 |                                   numpy.lib._twodim_base_impl
import time:      4024 |       4024 |                                     numpy.lib._array_utils_impl
import time:      3930 |       7954 |                                   numpy.lib.array_utils
import time:     15098 |      15098 |                                   numpy.linalg._umath_linalg
import time:     12134 |     102518 |                                 numpy.linalg._linalg
import time:      8130 |     110648 |                               numpy.linalg
import time:      5065 |     115713 |                             numpy.matrixlib.defmatrix
import time:      5439 |     121151 |                           numpy.matrixlib
import time:      4287 |       4287 |                             numpy.lib._histograms_impl
import time:      6772 |      11059 |                           numpy.lib._function_base_impl
import time:      5133 |     137342 |                         numpy.lib._index_tricks_impl
import time:      6209 |     143551 |                       numpy.lib._arraypad_impl
import time:      4712 |       4712 |                       numpy.lib._arraysetops_impl
import time:      9617 |       9617 |                       numpy.lib._arrayterator_impl
import time:      3374 |       3374 |                       numpy.lib._nanfunctions_impl
import time:      2084 |       2084 |                               platform
import time:      5293 |       7377 |                             numpy.lib._utils_impl
import time:      3353 |      10730 |                           numpy.lib._format_impl
import time:      2939 |      13668 |                         numpy.lib.format
import time:      6848 |       6848 |                         numpy.lib._datasource
import time:      3573 |       3573 |                         numpy.lib._iotools
import time:      4192 |      28280 |                       numpy.lib._npyio_impl
import time:      3373 |       3373 |                           numpy.lib._ufunclike_impl
import time:      4898 |       8270 |                         numpy.lib._type_check_impl
import time:      3741 |      12011 |                       numpy.lib._polynomial_impl
import time:      5804 |       5804 |                       numpy.lib._shape_base_impl
import time:      7665 |       7665 |                       numpy.lib._version
import time:      5485 |       5485 |                       numpy.lib.introspect
import time:      3471 |       3471 |                       numpy.lib.mixins
import time:      3080 |       3080 |                       numpy.lib.npyio
import time:      3712 |       3712 |                         numpy.lib._scimath_impl
import time:      3493 |       7204 |                       numpy.lib.scimath
import time:      7603 |       7603 |                       numpy.lib.stride_tricks
import time:     11306 |     253155 |                     numpy.lib
import time:      4263 |       4263 |                     numpy._array_api_info
import time:     52402 |     603391 |                   numpy
import time:        32 |     603422 |                 numpy._core
import time:        33 |     603454 |               numpy._core._multiarray_umath
import time:    462345 |    1065799 |             jaxlib._jax
import time:     33501 |    1099300 |           jaxlib.xla_client
import time:       396 |        396 |             jaxlib.cpu
import time:     26572 |      26572 |             jaxlib.cpu._lapack
import time:      7666 |      34633 |           jaxlib.lapack
import time:     12734 |      12734 |           jaxlib.utils
import time:        86 |         86 |               jaxlib.mlir
import time:     17862 |      17862 |               jaxlib.mlir._mlir_libs._mlir
import time:      6181 |      24129 |             jaxlib.mlir._mlir_libs
import time:     13769 |      37897 |           jaxlib.mlir._mlir_libs._jax_mlir_ext
import time:     11584 |      11584 |           jaxlib._profiler
import time:     12128 |      12128 |           jaxlib._profile_data
import time:     23699 |      23699 |             jaxlib.cpu._sparse
import time:      4990 |      28689 |           jaxlib.cpu_sparse
import time:     12883 |      12883 |           jaxlib.weakref_lru_cache
import time:     12031 |      12031 |           jaxlib._pretty_printer
import time:     10114 |      10114 |           jaxlib._ifrt_proxy
import time:      2330 |       2330 |             jaxlib.plugin_support
import time:      4336 |       6666 |           jaxlib.gpu_solver
import time:      2308 |       2308 |           jaxlib.gpu_sparse
import time:      2365 |       2365 |           jaxlib.gpu_prng
import time:      2300 |       2300 |           jaxlib.gpu_linalg
import time:      4775 |       4775 |             jaxlib.mlir.ir
import time:       428 |        428 |               jaxlib.mlir.dialects
import time:      5541 |       5541 |                 jaxlib.mlir.dialects._ods_common
import time:      8428 |      13969 |               jaxlib.mlir.dialects._stablehlo_ops_gen
import time:     28764 |      28764 |               jaxlib.mlir._mlir_libs._stablehlo
import time:      6078 |      49238 |             jaxlib.mlir.dialects.stablehlo
import time:      5238 |       5238 |             jaxlib.gpu_common_utils
import time:      3587 |      62836 |           jaxlib.gpu_rnn
import time:      5130 |       5130 |           jaxlib.gpu_triton
import time:        55 |         55 |               jaxlib.mosaic
import time:       483 |        538 |             jaxlib.mosaic.python
import time:        47 |         47 |                 jaxlib.mosaic.dialect
import time:       307 |        354 |               jaxlib.mosaic.dialect.gpu
import time:      5726 |       6080 |             jaxlib.mosaic.dialect.gpu._mosaic_gpu_gen_ops
import time:      3935 |       3935 |             jaxlib.mosaic.dialect.gpu._mosaic_gpu_gen_enums
import time:     12590 |      12590 |             jaxlib.mlir._mlir_libs._mosaic_gpu_ext
import time:      5099 |      28241 |           jaxlib.mosaic.python.mosaic_gpu
import time:      7370 |       7370 |             jaxlib.mosaic.python._tpu_gen
import time:     16437 |      16437 |             jaxlib.mlir._mlir_libs._tpu_ext
import time:      4634 |      28440 |           jaxlib.mosaic.python.tpu
import time:     27868 |    1701710 |         jax._src.lib
import time:      7442 |       7442 |         jax._src.logging_config
import time:     46439 |    1803603 |       jax._src.config
import time:       631 |        631 |         glob
import time:      5380 |       6010 |       jax._src.hardware_utils
import time:     23559 |    1858209 |     jax._src.cloud_tpu_init
import time:        98 |         98 |     libtpu
import time:     36769 |      36769 |               ml_dtypes._ml_dtypes_ext
import time:      5593 |      42361 |             ml_dtypes._finfo
import time:      5792 |       5792 |             ml_dtypes._iinfo
import time:      5494 |      53646 |           ml_dtypes
import time:      4544 |       4544 |           jax._src.literals
import time:      7625 |       7625 |               jax._src.util
import time:      5556 |      13180 |             jax._src.basearray
import time:      5555 |      18734 |           jax._src.typing
import time:      5744 |       5744 |           jax._src.traceback_util
import time:      7206 |      89873 |         jax._src.dtypes
import time:      5953 |       5953 |         jax._src.effects
import time:      2636 |       2636 |                   _json
import time:       567 |       3203 |                 json.scanner
import time:       771 |       3974 |               json.decoder
import time:       716 |        716 |               json.encoder
import time:       597 |       5286 |             json
import time:      2408 |       2408 |             pkgutil
import time:      5417 |       5417 |                 jax._src.clusters.cluster
import time:      4441 |       4441 |                 jax._src.clusters.ompi_cluster
import time:      4812 |       4812 |                 jax._src.clusters.slurm_cluster
import time:      3455 |       3455 |                     _socket
import time:      2771 |       2771 |                     array
import time:      1871 |       8096 |                   socket
import time:      5207 |      13302 |                 jax._src.clusters.mpi4py_cluster
import time:      5650 |       5650 |                 jax._src.clusters.cloud_tpu_cluster
import time:      3672 |       3672 |                       zlib
import time:     15307 |      15307 |                         numpy.random._common
import time:      2689 |       2689 |                             binascii
import time:       590 |       3279 |                           base64
import time:     19220 |      19220 |                             _hashlib
import time:      2327 |       2327 |                               _blake2
import time:      1217 |       3544 |                             hashlib
import time:      1286 |      24049 |                           hmac
import time:      1982 |       1982 |                               _bisect
import time:       374 |       2356 |                             bisect
import time:      2034 |       2034 |                             _random
import time:      1372 |       1372 |                             _sha512
import time:       901 |       6662 |                           random
import time:      6301 |      40289 |                         secrets
import time:     15689 |      71284 |                       numpy.random.bit_generator
import time:     23795 |      98750 |                     numpy.random._bounded_integers
import time:     14582 |      14582 |                         numpy.random._pcg64
import time:     19305 |      33887 |                       numpy.random._generator
import time:     15943 |      15943 |                       numpy.random._mt19937
import time:     15981 |      15981 |                       numpy.random._philox
import time:     14599 |      14599 |                       numpy.random._sfc64
import time:     21506 |      21506 |                       numpy.random.mtrand
import time:      5265 |     107178 |                     numpy.random._pickle
import time:      9563 |     215490 |                   numpy.random
import time:      5069 |     220559 |                 jax._src.clusters.k8s_cluster
import time:      5736 |     259913 |               jax._src.clusters
import time:      6267 |     266179 |             jax._src.distributed
import time:       418 |        418 |             jax_plugins
import time:      7230 |     281520 |           jax._src.xla_bridge
import time:      6614 |     288133 |         jax._src.mesh
import time:      7007 |       7007 |         jax._src.partition_spec
import time:      5608 |       5608 |         jax._src.errors
import time:      2784 |       2784 |                 _heapq
import time:       600 |       3383 |               heapq
import time:      9198 |      12580 |             difflib
import time:      6275 |      18855 |           jax._src.tree_util
import time:      7402 |      26257 |         jax._src.linear_util
import time:      1396 |       1396 |           sysconfig
import time:      1375 |       1375 |           _sysconfigdata__darwin_darwin
import time:      1112 |       1112 |           _osx_support
import time:      9799 |      13681 |         jax._src.source_info_util
import time:      3871 |       3871 |         jax._src.pretty_printer
import time:      4348 |       4348 |               jaxlib.mlir.passmanager
import time:      3982 |       8330 |             jax._src.lib.mlir
import time:      4323 |       4323 |             jax._src.lazy_loader
import time:     14949 |      14949 |               jaxlib.mlir._mlir_libs._sdyMpmd
import time:      9582 |       9582 |               jaxlib.mlir.dialects._mpmd_ops_gen
import time:      3581 |      28112 |             jaxlib.mlir.dialects.mpmd
import time:     17966 |      17966 |               jaxlib.mlir._mlir_libs._sdy
import time:      7053 |       7053 |               jaxlib.mlir.dialects._sdy_enums_gen
import time:      6376 |       6376 |               jaxlib.mlir.dialects._sdy_ops_gen
import time:      4368 |      35762 |             jaxlib.mlir.dialects.sdy
import time:      5584 |      82108 |           jax._src.lib.mlir.dialects
import time:      7054 |       7054 |             jax._src.op_shardings
import time:      6179 |      13233 |           jax._src.sharding
import time:      5267 |     100607 |         jax._src.named_sharding
import time:      4540 |       4540 |         jax._src.layout
import time:      4505 |       4505 |         jax._src.memory
import time:      4653 |       4653 |         jax._src.xla_metadata_lib
import time:     12548 |     567229 |       jax._src.core
import time:      7645 |     574873 |     jax.core
import time:      4496 |       4496 |       jax._src.tree
import time:      5602 |      10097 |     jax.tree
import time:      7408 |       7408 |     jax.typing
import time:      3580 |       3580 |     jax._src.environment_info
import time:      6231 |       6231 |               jax._src.state.indexing
import time:     10248 |      16478 |             jax._src.state.types
import time:      4971 |      21449 |           jax._src.state
import time:        27 |      21475 |         jax._src.state.types
import time:      5024 |      26498 |       jax._src.api_util
import time:      4448 |       4448 |         jax._src.interpreters
import time:      4054 |       4054 |           jax._src.ad_util
import time:      5591 |       5591 |           jax._src.frozen_dict
import time:      3819 |       3819 |           jax._src.hashable_array
import time:       687 |        687 |               _compression
import time:      8428 |       9114 |             gzip
import time:      6746 |       6746 |               etils
import time:      6619 |       6619 |                       unittest.util
import time:     10406 |      17024 |                     unittest.result
import time:      8289 |       8289 |                       pprint
import time:      5804 |      14092 |                     unittest.case
import time:      6586 |       6586 |                     unittest.suite
import time:      5797 |       5797 |                     unittest.loader
import time:      1212 |       1212 |                         gettext
import time:      1654 |       2866 |                       argparse
import time:      4511 |       4511 |                         unittest.signals
import time:      5287 |       9798 |                       unittest.runner
import time:      5295 |      17957 |                     unittest.main
import time:     11006 |      72460 |                   unittest
import time:       637 |        637 |                           concurrent
import time:      1200 |       1200 |                           concurrent.futures._base
import time:       565 |       2401 |                         concurrent.futures
import time:      9176 |       9176 |                           _ssl
import time:      2977 |      12152 |                         ssl
import time:      5232 |       5232 |                         asyncio.constants
import time:      5764 |       5764 |                         asyncio.coroutines
import time:      9828 |       9828 |                           asyncio.format_helpers
import time:      6419 |       6419 |                             asyncio.base_futures
import time:      5482 |       5482 |                             asyncio.exceptions
import time:      5108 |       5108 |                             asyncio.base_tasks
import time:     17833 |      34841 |                           _asyncio
import time:      6165 |      50833 |                         asyncio.events
import time:      6132 |       6132 |                         asyncio.futures
import time:      4875 |       4875 |                         asyncio.protocols
import time:      5752 |       5752 |                           asyncio.transports
import time:      6454 |       6454 |                           asyncio.log
import time:      6457 |      18662 |                         asyncio.sslproto
import time:     10576 |      10576 |                             asyncio.mixins
import time:      6059 |       6059 |                             asyncio.tasks
import time:      8159 |      24793 |                           asyncio.locks
import time:      5833 |      30626 |                         asyncio.staggered
import time:     30449 |      30449 |                         asyncio.trsock
import time:      8225 |     175345 |                       asyncio.base_events
import time:     11627 |      11627 |                       asyncio.runners
import time:      5417 |       5417 |                       asyncio.queues
import time:      5803 |       5803 |                       asyncio.streams
import time:      5545 |       5545 |                       asyncio.subprocess
import time:      6452 |       6452 |                       asyncio.taskgroups
import time:      5458 |       5458 |                       asyncio.timeouts
import time:      4811 |       4811 |                       asyncio.threads
import time:      6299 |       6299 |                         asyncio.base_subprocess
import time:      4972 |       4972 |                         asyncio.selector_events
import time:      6354 |      17625 |                       asyncio.unix_events
import time:      5516 |     243595 |                     asyncio
import time:      6808 |     250402 |                   unittest.mock
import time:      3708 |       3708 |                         _bz2
import time:       763 |       4470 |                       bz2
import time:      4008 |       4008 |                         _lzma
import time:      1402 |       5410 |                       lzma
import time:      1491 |      11370 |                     shutil
import time:      5170 |       5170 |                     etils.epath.stat_utils
import time:      4515 |       4515 |                     etils.epath.typing
import time:      4873 |      25927 |                   etils.epath.backend
import time:      5758 |       5758 |                         etils.epy.reraise_utils
import time:      4294 |      10052 |                       etils.epy._internal
import time:        97 |         97 |                         etils.epy.adhoc_utils
import time:      5346 |       5346 |                         etils.epy.py_utils
import time:      4967 |       4967 |                         etils.epy.adhoc_utils.module_utils
import time:      4454 |       4454 |                         etils.epy.adhoc_utils.utils
import time:      4685 |      19548 |                       etils.epy.adhoc_utils.binary_import
import time:      4256 |       4256 |                       etils.epy.backports
import time:      4029 |       4029 |                       etils.epy.contextlib
import time:      3808 |       3808 |                       etils.epy.env_utils
import time:      4783 |       4783 |                       etils.epy.itertools
import time:      5804 |       5804 |                       etils.epy.lazy_imports_utils
import time:      4710 |       4710 |                       etils.epy.re_utils
import time:      5182 |       5182 |                       etils.epy.text_utils
import time:      6348 |      68514 |                     etils.epy
import time:      6113 |       6113 |                       etils.epath.register
import time:      5696 |      11808 |                     etils.epath.abstract_path
import time:      5015 |      85337 |                   etils.epath.gpath
import time:      6025 |     440149 |                 etils.epath.testing
import time:     10401 |      10401 |                   typing_extensions
import time:      5643 |      16044 |                 etils.epath.flags
import time:      1122 |       1122 |                   zipfile
import time:       960 |        960 |                       tempfile
import time:      5360 |       5360 |                           importlib_resources.compat
import time:      3970 |       9329 |                         importlib_resources.compat.py38
import time:      4104 |      13432 |                       importlib_resources.abc
import time:      3781 |       3781 |                         importlib_resources.future
import time:      4144 |       4144 |                           importlib_resources._itertools
import time:      3668 |       3668 |                           importlib_resources.compat.py39
import time:      4319 |      12131 |                         importlib_resources.readers
import time:      4390 |       4390 |                         importlib_resources._adapters
import time:      4003 |      24303 |                       importlib_resources.future.adapters
import time:      4077 |      42771 |                     importlib_resources._common
import time:      5071 |      47841 |                   importlib_resources
import time:      4940 |      53903 |                 etils.epath.resource_utils
import time:      4923 |     515017 |               etils.epath
import time:      4932 |     526694 |             jax._src.path
import time:      5718 |     541525 |           jax._src.jaxpr_util
import time:      4901 |       4901 |             jax._src.sharding_specs
import time:      4517 |       4517 |             jax._src.mesh_utils
import time:      8293 |      17710 |           jax._src.sharding_impls
import time:      1757 |       1757 |                 http
import time:      1048 |       1048 |                   email
import time:      1286 |       1286 |                     calendar
import time:       888 |       2174 |                   email._parseaddr
import time:       704 |        704 |                     email.base64mime
import time:       832 |        832 |                     email.quoprimime
import time:      1047 |       1047 |                     email.errors
import time:       867 |        867 |                       quopri
import time:       698 |       1564 |                     email.encoders
import time:       807 |       4952 |                   email.charset
import time:      1471 |       9645 |                 email.utils
import time:      7998 |       7998 |                   html.entities
import time:      6557 |      14554 |                 html
import time:      2107 |       2107 |                         email.header
import time:       802 |       2908 |                       email._policybase
import time:       829 |       3737 |                     email.feedparser
import time:       667 |       4404 |                   email.parser
import time:       746 |        746 |                     email._encoded_words
import time:       695 |        695 |                     email.iterators
import time:       885 |       2324 |                   email.message
import time:      1203 |       7930 |                 http.client
import time:        77 |         77 |                   _winapi
import time:        59 |         59 |                   winreg
import time:      1014 |       1150 |                 mimetypes
import time:      5319 |       5319 |                 socketserver
import time:      6802 |      47153 |               http.server
import time:      8175 |      55327 |             jax._src.profiler
import time:      8621 |      63948 |           jax._src.interpreters.partial_eval
import time:      4951 |       4951 |           jaxlib.mlir.dialects._func_ops_gen
import time:     21545 |      21545 |             numpy.ma.core
import time:      6102 |       6102 |             numpy.ma.extras
import time:      6138 |      33785 |           numpy.ma
import time:     17267 |     692646 |         jax._src.interpreters.mlir
import time:      5938 |     703031 |       jax._src.stages
import time:      4547 |       4547 |               jax._src.cache_key
import time:       108 |        108 |                 compression
import time:      4316 |       4316 |                   zstandard.backend_c
import time:      1470 |       5786 |                 zstandard
import time:      4276 |       4276 |                 jax._src.monitoring
import time:      4369 |       4369 |                 jax._src.compilation_cache_interface
import time:      5673 |       5673 |                       filelock._error
import time:      6293 |      11965 |                     filelock._api
import time:      6037 |       6037 |                       filelock._util
import time:      6129 |      12166 |                     filelock._soft
import time:      5349 |       5349 |                     filelock._unix
import time:      4959 |       4959 |                     filelock._windows
import time:      5369 |       5369 |                     filelock.version
import time:      5553 |      45359 |                   filelock
import time:      3796 |      49154 |                 jax._src.lru_cache
import time:      3991 |      67681 |               jax._src.compilation_cache
import time:      4557 |      76784 |             jax._src.compiler
import time:      5778 |       5778 |               jax._src.interpreters.ad
import time:      6394 |       6394 |               jax._src.interpreters.batching
import time:      7132 |      19304 |             jax._src.pjit
import time:      4250 |       4250 |             jax._src.abstract_arrays
import time:     10240 |     110577 |           jax._src.interpreters.pxla
import time:     15821 |     126397 |         jax._src.array
import time:      5396 |     131792 |       jax._src.dispatch
import time:      7154 |     868473 |     jax._src.api
import time:      5248 |       5248 |             jax._src.lax.utils
import time:      5217 |      10465 |           jax._src.lax.slicing
import time:      4880 |       4880 |           jaxlib.mlir.dialects._chlo_ops_gen
import time:     12999 |      12999 |           jaxlib.mlir._mlir_libs._chlo
import time:     16240 |      44582 |         jax._src.lax.lax
import time:      6295 |       6295 |             jax._src.custom_api_util
import time:      5491 |       5491 |             jax._src.custom_transpose
import time:      5766 |      17551 |           jax._src.custom_derivatives
import time:      5934 |       5934 |           jax._src.lax.convolution
import time:      4921 |      28405 |         jax._src.lax.other
import time:      5710 |       5710 |                 jax._src.lax.windowed_reductions
import time:      3666 |       3666 |                 jax._src.lax.control_flow.common
import time:      4893 |       4893 |                   jax._src.state.primitives
import time:      4767 |       4767 |                   jax._src.state.utils
import time:      4501 |      14160 |                 jax._src.state.discharge
import time:      6176 |      29711 |               jax._src.lax.control_flow.loops
import time:      4333 |       4333 |               jax._src.lax.control_flow.conditionals
import time:      4480 |       4480 |               jax._src.lax.control_flow.solves
import time:      4337 |      42860 |             jax._src.lax.control_flow
import time:        21 |      42880 |           jax._src.lax.control_flow.loops
import time:      4192 |      47072 |         jax._src.lax.special
import time:      6254 |       6254 |         jax._src.lax.fft
import time:      6953 |       6953 |         jax._src.lax.parallel
import time:      7080 |       7080 |                 jax._src.numpy.util
import time:      4907 |      11986 |               jax._src.numpy.array_constructors
import time:      7336 |       7336 |                       jax._src.shard_map
import time:      5105 |       5105 |                       jax._src.export
import time:       675 |        675 |                                 opt_einsum.parser
import time:       834 |       1509 |                               opt_einsum.helpers
import time:      1224 |       2732 |                             opt_einsum.blas
import time:       982 |        982 |                             opt_einsum.paths
import time:       818 |        818 |                             opt_einsum.path_random
import time:     18743 |      18743 |                                 _decimal
import time:      4801 |      23543 |                               decimal
import time:       478 |        478 |                                   opt_einsum.sharing
import time:      1085 |       1563 |                                 opt_einsum.backends.cupy
import time:       861 |        861 |                                   opt_einsum.backends.object_arrays
import time:       515 |        515 |                                   opt_einsum.backends.jax
import time:       356 |        356 |                                   opt_einsum.backends.tensorflow
import time:       288 |        288 |                                   opt_einsum.backends.theano
import time:       506 |        506 |                                   opt_einsum.backends.torch
import time:       765 |       3289 |                                 opt_einsum.backends.dispatch
import time:      1092 |       5943 |                               opt_einsum.backends
import time:       875 |      30360 |                             opt_einsum.contract
import time:       370 |        370 |                             opt_einsum._version
import time:       868 |      36128 |                           opt_einsum
import time:      7177 |      43304 |                         jax._src.export.shape_poly
import time:      7434 |      50737 |                       jax._src.export._export
import time:      6185 |      69362 |                     jax._src.error_check
import time:      3880 |       3880 |                         jax._src.numpy.einsum
import time:      7559 |      11439 |                       jax._src.numpy.indexing
import time:      6370 |       6370 |                       jax._src.numpy.reductions
import time:      4416 |       4416 |                         jax._src.numpy.vectorize
import time:      4355 |       8770 |                       jax._src.numpy.tensor_contractions
import time:      5370 |       5370 |                       jax._src.numpy.sorting
import time:      9656 |      41604 |                     jax._src.numpy.lax_numpy
import time:      5531 |     116496 |                   jax._src.numpy.error
import time:      4462 |       4462 |                   jax._src.numpy.ufunc_api
import time:      7611 |     128568 |                 jax._src.numpy.ufuncs
import time:      4590 |     133158 |               jax._src.numpy.array_creation
import time:      4861 |       4861 |               jax._src.numpy.index_tricks
import time:      3776 |       3776 |                     jax._src.custom_partitioning_sharding_rule
import time:      4229 |       4229 |                     jax._src.ffi
import time:      6210 |      14215 |                   jax._src.lax.linalg
import time:      6598 |      20813 |                 jax._src.numpy.linalg
import time:      5023 |      25835 |               jax._src.numpy.polynomial
import time:      6266 |       6266 |               jax._src.numpy.setops
import time:      5693 |     187798 |             jax._src.numpy
import time:        19 |     187817 |           jax._src.numpy.indexing
import time:      4565 |     192381 |         jax._src.lax.ann
import time:      7301 |     332945 |       jax._src.lax
import time:      5693 |     338637 |     jax._src.ad_checkpoint
import time:      3285 |       3285 |               _uuid
import time:      1228 |       4513 |             uuid
import time:      5329 |       5329 |             cloudpickle.compat
import time:      6955 |      16795 |           cloudpickle.cloudpickle
import time:      5349 |       5349 |           cloudpickle.cloudpickle_fast
import time:      5774 |      27917 |         cloudpickle
import time:      4006 |      31923 |       jax._src.pickle_util
import time:      4671 |      36593 |     jax._src.callback
import time:     59837 |      59837 |       jax._src.ref
import time:      7878 |      67715 |     jax.ref
import time:      6427 |       6427 |     jax.interpreters
import time:      5787 |       5787 |     jax.interpreters.ad
import time:      4832 |       4832 |     jax.interpreters.batching
import time:     31211 |      31211 |     jax.interpreters.mlir
import time:     39493 |      39493 |     jax.interpreters.partial_eval
import time:      6799 |       6799 |     jax.interpreters.pxla
import time:      5203 |       5203 |     jax.interpreters.xla
import time:     28058 |      28058 |     jax.custom_derivatives
import time:     48356 |      48356 |       jax._src.custom_batching
import time:     29222 |      77578 |     jax.custom_batching
import time:     27034 |      27034 |     jax.custom_transpose
import time:     11061 |      11061 |     jax.api_util
import time:      5418 |       5418 |     jax.distributed
import time:     12968 |      12968 |       jax._src.debugging
import time:     12725 |      12725 |         jax._src.debugger.core
import time:      8226 |       8226 |           cmd
import time:      8768 |      16994 |         jax._src.debugger.cli_debugger
import time:      6849 |       6849 |           jax._src.debugger.colab_lib
import time:      9752 |       9752 |           pygments
import time:      5496 |      22096 |         jax._src.debugger.colab_debugger
import time:      4958 |       4958 |         jax._src.debugger.web_debugger
import time:      5462 |      62234 |       jax._src.debugger
import time:      8255 |      83457 |     jax.debug
import time:      3774 |       3774 |         jax._src.numpy.scalar_types
import time:      3937 |       7710 |       jax._src.dlpack
import time:      3628 |      11338 |     jax.dlpack
import time:      3177 |       3177 |     jax.dtypes
import time:      4006 |       4006 |     jax.errors
import time:      4738 |       4738 |       jax._src.export.shape_poly_decision
import time:     13675 |      18413 |     jax.export
import time:      4031 |       4031 |     jax.ffi
import time:      5095 |       5095 |         jax._src.image
import time:      4990 |      10085 |       jax._src.image.scale
import time:      5468 |      15553 |     jax.image
import time:      4938 |       4938 |             jax._src.tpu
import time:      2927 |       2927 |               jax._src.tpu.linalg.qdwh
import time:      4191 |       4191 |               jax._src.tpu.linalg.stack
import time:      4516 |      11634 |             jax._src.tpu.linalg.eigh
import time:      5424 |       5424 |             jax._src.tpu.linalg.svd
import time:      4196 |      26190 |           jax._src.tpu.linalg
import time:        20 |      26209 |         jax._src.tpu.linalg.qdwh
import time:      6116 |      32325 |       jax.lax.linalg
import time:      3958 |      36282 |     jax.lax
import time:      4238 |       4238 |     jax.monitoring
import time:      4327 |       4327 |           jax._src.numpy.fft
import time:      3950 |       8276 |         jax.numpy.fft
import time:      4966 |       4966 |         jax.numpy.linalg
import time:      3605 |       3605 |         jax._src.numpy.window_functions
import time:      3794 |       3794 |         jax._src.numpy.array_api_metadata
import time:      3905 |       3905 |           jax._src.ops
import time:      3908 |       3908 |           jax._src.ops.scatter
import time:      5105 |      12917 |         jax._src.numpy.array_methods
import time:      5542 |      39096 |       jax.numpy
import time:      2851 |       2851 |           jax._src.nn
import time:       117 |        117 |                 flatbuffers
import time:      3444 |       3560 |               jax._src.export.serialization
import time:      3908 |       7468 |             jax._src.prng
import time:      4679 |      12146 |           jax._src.random
import time:      2537 |      17533 |         jax._src.nn.initializers
import time:      4668 |      22200 |       jax.nn.initializers
import time:      5156 |       5156 |             jax._src.cudnn.fusion
import time:      3937 |       9092 |           jax._src.cudnn
import time:      4609 |       4609 |           jax._src.custom_partitioning
import time:      5029 |      18730 |         jax._src.cudnn.fused_attention_stablehlo
import time:      4561 |       4561 |         jax._src.cudnn.scaled_matmul_stablehlo
import time:      5785 |       5785 |         jax._src.ops.special
import time:      4538 |      33613 |       jax._src.nn.functions
import time:      4629 |      99538 |     jax.nn
import time:      4289 |       4289 |     jax.ops
import time:      4655 |       4655 |     jax.profiler
import time:      7342 |       7342 |     jax.random
import time:      2762 |       2762 |     jax.scipy
import time:      2476 |       2476 |     jax.sharding
import time:      9248 |       9248 |     jax.memory
import time:      4773 |       4773 |     jax.stages
import time:      4534 |       4534 |     jax.tree_util
import time:      3493 |       3493 |           jax._src.earray
import time:      6178 |       6178 |           jax.experimental.x64_context
import time:      5575 |      15245 |         jax.experimental
import time:      5655 |      20900 |       jax.experimental.compilation_cache
import time:      5506 |      26406 |     jax.experimental.compilation_cache.compilation_cache
import time:      4223 |       4223 |     jax.lib
import time:     25156 |    4460447 |   jax
import time:        27 |    4460473 | jax.typing
import time:      3813 |       3813 | spice.models.mesh_generation
import time:      6175 |       6175 | spice.models.model
import time:      3939 |       3939 |         _csv
import time:      6625 |      10564 |       csv
import time:       555 |        555 |           importlib.metadata._functools
import time:       632 |       1186 |         importlib.metadata._text
import time:      1097 |       2282 |       importlib.metadata._adapters
import time:       829 |        829 |       importlib.metadata._meta
import time:       861 |        861 |       importlib.metadata._collections
import time:      1935 |       1935 |       importlib.metadata._itertools
import time:       612 |        612 |               importlib.resources.abc
import time:       626 |        626 |               importlib.resources._adapters
import time:       843 |       2080 |             importlib.resources._common
import time:       534 |        534 |             importlib.resources._legacy
import time:       585 |       3199 |           importlib.resources
import time:        15 |       3213 |         importlib.resources.abc
import time:      1128 |       4341 |       importlib.abc
import time:      1988 |      22798 |     importlib.metadata
import time:      4498 |       4498 |       jaxtyping._errors
import time:      4475 |       4475 |       jaxtyping._storage
import time:     10470 |      19441 |     jaxtyping._array_types
import time:      9703 |       9703 |     jaxtyping._config
import time:      5395 |       5395 |     jaxtyping._decorator
import time:      5141 |       5141 |     jaxtyping._import_hook
import time:      4257 |       4257 |     jaxtyping._ipython_extension
import time:     29108 |      95842 |   jaxtyping
import time:      5408 |     101250 | spice.models.utils
import time:      2304 |       2304 |     spice.geometry.utils
import time:      2243 |       2243 |     spice.geometry.sutherland_hodgman
import time:      1878 |       6425 |   spice.geometry
import time:        19 |       6444 | spice.geometry.utils
